<?xml version="1.0" encoding="UTF-8"?>
<testsuite xmlns:xsi="http://www.w3.org/2001/XMLSchema-instance" xsi:noNamespaceSchemaLocation="https://maven.apache.org/surefire/maven-surefire-plugin/xsd/surefire-test-report-3.0.xsd" version="3.0" name="com.aditya.bdd.TestRunner" time="14.041" tests="1" errors="0" skipped="0" failures="0">
  <properties>
[...]
</properties>
  <testcase name="Successful login" classname="User Login" time="13.206">
    <system-out><![CDATA[
Scenario: Successful login                            # src/test/resources/features/Login.feature:3
  Given the user is on the login page                 # com.aditya.bdd.StepDefinitions.the_user_is_on_the_login_page()
  When the user enters valid credentials              # com.aditya.bdd.StepDefinitions.the_user_enters_valid_credentials()
✅ Login successful: Dashboard visible.
  Then the user should be redirected to the dashboard # com.aditya.bdd.StepDefinitions.the_user_should_be_redirected_to_the_dashboard()
]]></system-out>
    <system-err><![CDATA[Jun 14, 2025 2:29:12 AM org.openqa.selenium.devtools.CdpVersionFinder findNearestMatch
WARNING: Unable to find CDP implementation matching 137
Jun 14, 2025 2:29:12 AM org.openqa.selenium.chromium.ChromiumDriver lambda$new$5
WARNING: Unable to find version of CDP to use for 137.0.7151.104. You may need to include a dependency on a specific version of the CDP using something similar to `org.seleniumhq.selenium:selenium-devtools-v86:4.21.0` where the version ("v86") matches the version of the chromium-based browser you're using and the version number of the artifact is the same as Selenium's.
]]></system-err>
  </testcase>
</testsuite>